This file contains any messages produced by compilers while
running configure, to aid debugging if configure makes a mistake.

It was created by libjpeg configure 9.6.0, which was
generated by GNU Autoconf 2.72.  Invocation command line was

  $ ./configure --prefix=/c/Users/Sandhra/.local

## --------- ##
## Platform. ##
## --------- ##

hostname = LAPTOP-FBGBRVE5
uname -m = x86_64
uname -r = 3.5.4-0bc1222b.x86_64
uname -s = MINGW64_NT-10.0-22631
uname -v = 2024-11-23 10:59 UTC

/usr/bin/uname -p = unknown
/bin/uname -X     = unknown

/bin/arch              = x86_64
/usr/bin/arch -k       = unknown
/usr/convex/getsysinfo = unknown
/usr/bin/hostinfo      = unknown
/bin/machine           = unknown
/usr/bin/oslevel       = unknown
/bin/universe          = unknown

PATH: /mingw64/bin/
PATH: /mingw64/bin/
PATH: /usr/local/bin/
PATH: /usr/bin/
PATH: /bin/
PATH: /c/Windows/System32/
PATH: /c/Windows/
PATH: /c/Windows/System32/Wbem/
PATH: /c/Windows/System32/WindowsPowerShell/v1.0/
PATH: /usr/bin/site_perl/
PATH: /usr/bin/vendor_perl/
PATH: /usr/bin/core_perl/


## ----------- ##
## Core tests. ##
## ----------- ##

configure:2102: loading site script /etc/config.site
| # This file is in public domain.
| # Original author: Karlson2k (Evgeny Grin)
| # Written for MSys2 to help running 'configure' scripts
| 
| # Defaults for MSys2/MinGW64-targeted programs
| 
| # Set proper selfname on bash and fallback to default name on other shells
| test -n "${BASH_SOURCE}" 2>/dev/null && config_site_me="${BASH_SOURCE[0]##*/}" || config_site_me=config.site
| 
| # Set default 'host' to speedup configure
| if test -z "$build_alias"; then
|   build_alias="${MSYSTEM_CHOST}"  && \
|     ${as_echo-echo} "$config_site_me:${as_lineno-$LINENO}: default build_alias set to $build_alias" >&5
| fi
| 
| # Set default 'prefix'
| if ( test -z "$prefix" || test "x$prefix" = "xNONE" ) && \
|     ( test -z "$exec_prefix" || test "x$exec_prefix" = "xNONE" ); then
|   prefix="${MSYSTEM_PREFIX}" && \
|     ${as_echo-echo} "$config_site_me:${as_lineno-$LINENO}: default prefix set to $prefix" >&5
| fi
config.site:13: default build_alias set to x86_64-w64-mingw32
configure:2478: looking for aux files: ltmain.sh ar-lib compile missing install-sh config.guess config.sub
configure:2491:  trying ././
configure:2520:   ././ltmain.sh found
configure:2520:   ././ar-lib found
configure:2520:   ././compile found
configure:2520:   ././missing found
configure:2502:   ././install-sh found
configure:2520:   ././config.guess found
configure:2520:   ././config.sub found
configure:2651: checking build system type
configure:2667: result: x86_64-w64-mingw32
configure:2687: checking host system type
configure:2702: result: x86_64-w64-mingw32
configure:2722: checking target system type
configure:2737: result: x86_64-w64-mingw32
configure:2783: checking for a BSD-compatible install
configure:2857: result: /usr/bin/install -c
configure:2868: checking whether build environment is sane
configure:2923: result: yes
configure:3084: checking for a race-free mkdir -p
configure:3127: result: /usr/bin/mkdir -p
configure:3134: checking for gawk
configure:3155: found /usr/bin/gawk
configure:3167: result: gawk
configure:3178: checking whether make sets $(MAKE)
configure:3202: result: yes
configure:3232: checking whether make supports nested variables
configure:3251: result: yes
configure:3403: checking whether make supports nested variables
configure:3422: result: yes
configure:3438: checking whether to enable maintainer-specific portions of Makefiles
configure:3449: result: no
configure:3527: checking for gcc
configure:3560: result: /mingw64/bin/gcc
configure:3919: checking for C compiler version
configure:3928: /mingw64/bin/gcc --version >&5
gcc.exe (Rev2, Built by MSYS2 project) 14.2.0
Copyright (C) 2024 Free Software Foundation, Inc.
This is free software; see the source for copying conditions.  There is NO
warranty; not even for MERCHANTABILITY or FITNESS FOR A PARTICULAR PURPOSE.

configure:3939: $? = 0
configure:3928: /mingw64/bin/gcc -v >&5
Using built-in specs.
COLLECT_GCC=C:\msys64\mingw64\bin\gcc.exe
COLLECT_LTO_WRAPPER=C:/msys64/mingw64/bin/../lib/gcc/x86_64-w64-mingw32/14.2.0/lto-wrapper.exe
Target: x86_64-w64-mingw32
Configured with: ../gcc-14.2.0/configure --prefix=/mingw64 --with-local-prefix=/mingw64/local --build=x86_64-w64-mingw32 --host=x86_64-w64-mingw32 --target=x86_64-w64-mingw32 --with-native-system-header-dir=/mingw64/include --libexecdir=/mingw64/lib --enable-bootstrap --enable-checking=release --with-arch=nocona --with-tune=generic --enable-languages=c,lto,c++,fortran,ada,objc,obj-c++,rust,jit --enable-shared --enable-static --enable-libatomic --enable-threads=posix --enable-graphite --enable-fully-dynamic-string --enable-libstdcxx-filesystem-ts --enable-libstdcxx-time --disable-libstdcxx-pch --enable-lto --enable-libgomp --disable-libssp --disable-multilib --disable-rpath --disable-win32-registry --disable-nls --disable-werror --disable-symvers --with-libiconv --with-system-zlib --with-gmp=/mingw64 --with-mpfr=/mingw64 --with-mpc=/mingw64 --with-isl=/mingw64 --with-pkgversion='Rev2, Built by MSYS2 project' --with-bugurl=https://github.com/msys2/MINGW-packages/issues --with-gnu-as --with-gnu-ld --disable-libstdcxx-debug --enable-plugin --with-boot-ldflags=-static-libstdc++ --with-stage1-ldflags=-static-libstdc++
Thread model: posix
Supported LTO compression algorithms: zlib zstd
gcc version 14.2.0 (Rev2, Built by MSYS2 project) 
configure:3939: $? = 0
configure:3928: /mingw64/bin/gcc -V >&5
gcc.exe: error: unrecognized command-line option '-V'
gcc.exe: fatal error: no input files
compilation terminated.
configure:3939: $? = 1
configure:3928: /mingw64/bin/gcc -qversion >&5
gcc.exe: error: unrecognized command-line option '-qversion'; did you mean '--version'?
gcc.exe: fatal error: no input files
compilation terminated.
configure:3939: $? = 1
configure:3928: /mingw64/bin/gcc -version >&5
gcc.exe: error: unrecognized command-line option '-version'
gcc.exe: fatal error: no input files
compilation terminated.
configure:3939: $? = 1
configure:3959: checking whether the C compiler works
configure:3981: /mingw64/bin/gcc    conftest.c  >&5
configure:3985: $? = 0
configure:4036: result: yes
configure:4040: checking for C compiler default output file name
configure:4042: result: a.exe
configure:4048: checking for suffix of executables
configure:4055: /mingw64/bin/gcc -o conftest.exe    conftest.c  >&5
configure:4059: $? = 0
configure:4083: result: .exe
configure:4107: checking whether we are cross compiling
configure:4115: /mingw64/bin/gcc -o conftest.exe    conftest.c  >&5
configure:4119: $? = 0
configure:4126: ./conftest.exe
configure:4130: $? = 0
configure:4145: result: no
configure:4151: checking for suffix of object files
configure:4174: /mingw64/bin/gcc -c   conftest.c >&5
configure:4178: $? = 0
configure:4202: result: o
configure:4206: checking whether the compiler supports GNU C
configure:4226: /mingw64/bin/gcc -c   conftest.c >&5
configure:4226: $? = 0
configure:4238: result: yes
configure:4249: checking whether /mingw64/bin/gcc accepts -g
configure:4270: /mingw64/bin/gcc -c -g  conftest.c >&5
configure:4270: $? = 0
configure:4317: result: yes
configure:4337: checking for /mingw64/bin/gcc option to enable C11 features
configure:4352: /mingw64/bin/gcc  -c -g -O2  conftest.c >&5
configure:4352: $? = 0
configure:4371: result: none needed
configure:4495: checking whether /mingw64/bin/gcc understands -c and -o together
configure:4518: /mingw64/bin/gcc -c conftest.c -o conftest2.o
configure:4521: $? = 0
configure:4518: /mingw64/bin/gcc -c conftest.c -o conftest2.o
configure:4521: $? = 0
configure:4534: result: yes
configure:4554: checking whether make supports the include directive
configure:4569: make -f confmf.GNU && cat confinc.out
this is the am__doit target
configure:4572: $? = 0
configure:4591: result: yes (GNU style)
configure:4617: checking dependency style of /mingw64/bin/gcc
configure:4730: result: gcc3
configure:4750: checking how to run the C preprocessor
configure:4776: /mingw64/bin/gcc -E  conftest.c
configure:4776: $? = 0
configure:4792: /mingw64/bin/gcc -E  conftest.c
conftest.c:11:10: fatal error: ac_nonexistent.h: No such file or directory
   11 | #include <ac_nonexistent.h>
      |          ^~~~~~~~~~~~~~~~~~
compilation terminated.
configure:4792: $? = 1
configure: failed program was:
| /* confdefs.h */
| #define PACKAGE_NAME "libjpeg"
| #define PACKAGE_TARNAME "libjpeg"
| #define PACKAGE_VERSION "9.6.0"
| #define PACKAGE_STRING "libjpeg 9.6.0"
| #define PACKAGE_BUGREPORT ""
| #define PACKAGE_URL ""
| #define PACKAGE "libjpeg"
| #define VERSION "9.6.0"
| /* end confdefs.h.  */
| #include <ac_nonexistent.h>
configure:4821: result: /mingw64/bin/gcc -E
configure:4835: /mingw64/bin/gcc -E  conftest.c
configure:4835: $? = 0
configure:4851: /mingw64/bin/gcc -E  conftest.c
conftest.c:11:10: fatal error: ac_nonexistent.h: No such file or directory
   11 | #include <ac_nonexistent.h>
      |          ^~~~~~~~~~~~~~~~~~
compilation terminated.
configure:4851: $? = 1
configure: failed program was:
| /* confdefs.h */
| #define PACKAGE_NAME "libjpeg"
| #define PACKAGE_TARNAME "libjpeg"
| #define PACKAGE_VERSION "9.6.0"
| #define PACKAGE_STRING "libjpeg 9.6.0"
| #define PACKAGE_BUGREPORT ""
| #define PACKAGE_URL ""
| #define PACKAGE "libjpeg"
| #define VERSION "9.6.0"
| /* end confdefs.h.  */
| #include <ac_nonexistent.h>
configure:4884: checking whether make sets $(MAKE)
configure:4908: result: yes
configure:4917: checking whether ln -s works
configure:4924: result: no, using cp -pR
configure:4928: checking for grep that handles long lines and -e
configure:4994: result: /usr/bin/grep
configure:4999: checking for egrep
configure:5069: result: /usr/bin/grep -E
configure:5133: checking for ar
configure:5154: found /mingw64/bin/ar
configure:5166: result: ar
configure:5192: checking the archiver (ar) interface
configure:5209: /mingw64/bin/gcc -c -g -O2  conftest.c >&5
configure:5209: $? = 0
configure:5212: ar cru libconftest.a conftest.o >&5
C:\msys64\mingw64\bin\ar.exe: `u' modifier ignored since `D' is the default (see `U')
configure:5215: $? = 0
configure:5244: result: ar
configure:5274: checking if LD -Wl,--version-script works
configure:5298: /mingw64/bin/gcc -o conftest.exe -g -O2   -Wl,--version-script=conftest.map conftest.c  >&5
configure:5298: $? = 0
configure:5309: result: yes
configure:5322: checking for function prototypes
configure:5343: /mingw64/bin/gcc -c -g -O2  conftest.c >&5
configure:5343: $? = 0
configure:5354: result: yes
configure:5378: checking for stdio.h
configure:5378: /mingw64/bin/gcc -c -g -O2  conftest.c >&5
configure:5378: $? = 0
configure:5378: result: yes
configure:5378: checking for stdlib.h
configure:5378: /mingw64/bin/gcc -c -g -O2  conftest.c >&5
configure:5378: $? = 0
configure:5378: result: yes
configure:5378: checking for string.h
configure:5378: /mingw64/bin/gcc -c -g -O2  conftest.c >&5
configure:5378: $? = 0
configure:5378: result: yes
configure:5378: checking for inttypes.h
configure:5378: /mingw64/bin/gcc -c -g -O2  conftest.c >&5
configure:5378: $? = 0
configure:5378: result: yes
configure:5378: checking for stdint.h
configure:5378: /mingw64/bin/gcc -c -g -O2  conftest.c >&5
configure:5378: $? = 0
configure:5378: result: yes
configure:5378: checking for strings.h
configure:5378: /mingw64/bin/gcc -c -g -O2  conftest.c >&5
configure:5378: $? = 0
configure:5378: result: yes
configure:5378: checking for sys/stat.h
configure:5378: /mingw64/bin/gcc -c -g -O2  conftest.c >&5
configure:5378: $? = 0
configure:5378: result: yes
configure:5378: checking for sys/types.h
configure:5378: /mingw64/bin/gcc -c -g -O2  conftest.c >&5
configure:5378: $? = 0
configure:5378: result: yes
configure:5378: checking for unistd.h
configure:5378: /mingw64/bin/gcc -c -g -O2  conftest.c >&5
configure:5378: $? = 0
configure:5378: result: yes
configure:5403: checking for stddef.h
configure:5403: /mingw64/bin/gcc -c -g -O2  conftest.c >&5
configure:5403: $? = 0
configure:5403: result: yes
configure:5409: checking for stdlib.h
configure:5409: result: yes
configure:5415: checking for locale.h
configure:5415: /mingw64/bin/gcc -c -g -O2  conftest.c >&5
configure:5415: $? = 0
configure:5415: result: yes
configure:5422: checking for string.h
configure:5422: result: yes
configure:5436: checking for size_t
configure:5463: /mingw64/bin/gcc -c -g -O2  conftest.c >&5
configure:5463: $? = 0
configure:5471: result: yes
configure:5645: checking for type unsigned char
configure:5658: /mingw64/bin/gcc -c -g -O2  conftest.c >&5
configure:5658: $? = 0
configure:5660: result: yes
configure:5672: checking for type unsigned short
configure:5685: /mingw64/bin/gcc -c -g -O2  conftest.c >&5
configure:5685: $? = 0
configure:5687: result: yes
configure:5699: checking for type void
configure:5733: /mingw64/bin/gcc -c -g -O2  conftest.c >&5
configure:5733: $? = 0
configure:5735: result: yes
configure:5746: checking for an ANSI C-conforming const
configure:5813: /mingw64/bin/gcc -c -g -O2  conftest.c >&5
configure:5813: $? = 0
configure:5823: result: yes
configure:5833: checking for inline
configure:5848: /mingw64/bin/gcc -c -g -O2  conftest.c >&5
configure:5848: $? = 0
configure:5891: result: __inline__
configure:5898: checking for broken incomplete types
configure:5913: /mingw64/bin/gcc -c -g -O2  conftest.c >&5
configure:5913: $? = 0
configure:5915: result: ok
configure:5928: checking for short external names
configure:5944: /mingw64/bin/gcc -o conftest.exe -g -O2   conftest.c  >&5
configure:5944: $? = 0
configure:5946: result: ok
configure:5960: checking to see if char is signed
configure:5998: /mingw64/bin/gcc -o conftest.exe -g -O2   conftest.c  >&5
configure:5998: $? = 0
configure:5998: ./conftest.exe
configure:5998: $? = 1
configure: program exited with status 1
configure: failed program was:
| /* confdefs.h */
| #define PACKAGE_NAME "libjpeg"
| #define PACKAGE_TARNAME "libjpeg"
| #define PACKAGE_VERSION "9.6.0"
| #define PACKAGE_STRING "libjpeg 9.6.0"
| #define PACKAGE_BUGREPORT ""
| #define PACKAGE_URL ""
| #define PACKAGE "libjpeg"
| #define VERSION "9.6.0"
| #define HAVE_PROTOTYPES 1
| #define HAVE_STDIO_H 1
| #define HAVE_STDLIB_H 1
| #define HAVE_STRING_H 1
| #define HAVE_INTTYPES_H 1
| #define HAVE_STDINT_H 1
| #define HAVE_STRINGS_H 1
| #define HAVE_SYS_STAT_H 1
| #define HAVE_SYS_TYPES_H 1
| #define HAVE_UNISTD_H 1
| #define STDC_HEADERS 1
| #define HAVE_STDDEF_H 1
| #define HAVE_STDLIB_H 1
| #define HAVE_LOCALE_H 1
| #define HAVE_UNSIGNED_CHAR 1
| #define HAVE_UNSIGNED_SHORT 1
| #define INLINE __inline__
| /* end confdefs.h.  */
| 
| #ifdef HAVE_STDLIB_H
| #include <stdlib.h>
| #endif
| #include <stdio.h>
| #ifdef HAVE_PROTOTYPES
| int is_char_signed (int arg)
| #else
| int is_char_signed (arg)
|      int arg;
| #endif
| {
|   if (arg == 189) {		/* expected result for unsigned char */
|     return 0;			/* type char is unsigned */
|   }
|   else if (arg != -67) {	/* expected result for signed char */
|     printf("Hmm, it seems 'char' is not eight bits wide on your machine.\n");
|     printf("I fear the JPEG software will not work at all.\n\n");
|   }
|   return 1;			/* assume char is signed otherwise */
| }
| char signed_char_check = (char) (-67);
| int main() {
|   exit(is_char_signed((int) signed_char_check));
| }
configure:6006: result: yes
configure:6016: checking to see if right shift is signed
configure:6057: /mingw64/bin/gcc -o conftest.exe -g -O2   conftest.c  >&5
configure:6057: $? = 0
configure:6057: ./conftest.exe
configure:6057: $? = 1
configure: program exited with status 1
configure: failed program was:
| /* confdefs.h */
| #define PACKAGE_NAME "libjpeg"
| #define PACKAGE_TARNAME "libjpeg"
| #define PACKAGE_VERSION "9.6.0"
| #define PACKAGE_STRING "libjpeg 9.6.0"
| #define PACKAGE_BUGREPORT ""
| #define PACKAGE_URL ""
| #define PACKAGE "libjpeg"
| #define VERSION "9.6.0"
| #define HAVE_PROTOTYPES 1
| #define HAVE_STDIO_H 1
| #define HAVE_STDLIB_H 1
| #define HAVE_STRING_H 1
| #define HAVE_INTTYPES_H 1
| #define HAVE_STDINT_H 1
| #define HAVE_STRINGS_H 1
| #define HAVE_SYS_STAT_H 1
| #define HAVE_SYS_TYPES_H 1
| #define HAVE_UNISTD_H 1
| #define STDC_HEADERS 1
| #define HAVE_STDDEF_H 1
| #define HAVE_STDLIB_H 1
| #define HAVE_LOCALE_H 1
| #define HAVE_UNSIGNED_CHAR 1
| #define HAVE_UNSIGNED_SHORT 1
| #define INLINE __inline__
| /* end confdefs.h.  */
| 
| #ifdef HAVE_STDLIB_H
| #include <stdlib.h>
| #endif
| #include <stdio.h>
| #ifdef HAVE_PROTOTYPES
| int is_shifting_signed (long arg)
| #else
| int is_shifting_signed (arg)
|     long arg;
| #endif
| /* See whether right-shift on a long is signed or not. */
| {
|   long res = arg >> 4;
| 
|   if (res == -0x7F7E80CL) {	/* expected result for signed shift */
|     return 1;			/* right shift is signed */
|   }
|   /* see if unsigned-shift hack will fix it. */
|   /* we can't just test exact value since it depends on width of long... */
|   res |= (~0L) << (32-4);
|   if (res == -0x7F7E80CL) {	/* expected result now? */
|     return 0;			/* right shift is unsigned */
|   }
|   printf("Right shift isn't acting as I expect it to.\n");
|   printf("I fear the JPEG software will not work at all.\n\n");
|   return 0;			/* try it with unsigned anyway */
| }
| int main() {
|   exit(is_shifting_signed(-0x7F7E80B1L));
| }
configure:6065: result: yes
configure:6075: checking to see if fopen accepts b spec
configure:6095: /mingw64/bin/gcc -o conftest.exe -g -O2   conftest.c  >&5
configure:6095: $? = 0
configure:6095: ./conftest.exe
configure:6095: $? = 0
configure:6097: result: yes
configure:6116: WARNING: Libtool does not cope well with whitespace in `pwd`
configure:6161: checking how to print strings
configure:6188: result: printf
configure:6209: checking for a sed that does not truncate output
configure:6281: result: /usr/bin/sed
configure:6299: checking for fgrep
configure:6369: result: /usr/bin/grep -F
configure:6406: checking for ld used by /mingw64/bin/gcc
configure:6475: result: C:/msys64/mingw64/x86_64-w64-mingw32/bin/ld.exe
configure:6482: checking if the linker (C:/msys64/mingw64/x86_64-w64-mingw32/bin/ld.exe) is GNU ld
configure:6499: result: yes
configure:6511: checking for BSD- or MS-compatible name lister (nm)
configure:6567: result: /mingw64/bin/nm -B
configure:6709: checking the name lister (/mingw64/bin/nm -B) interface
configure:6717: /mingw64/bin/gcc -c -g -O2  conftest.c >&5
configure:6720: /mingw64/bin/nm -B "conftest.o"
configure:6723: output
0000000000000000 b .bss
0000000000000000 d .data
0000000000000000 N .debug_abbrev
0000000000000000 N .debug_aranges
0000000000000000 N .debug_info
0000000000000000 N .debug_line
0000000000000000 N .debug_line_str
0000000000000000 r .rdata$zzz
0000000000000000 t .text
0000000000000000 B some_variable
configure:6731: result: BSD nm
configure:6735: checking the maximum length of command line arguments
configure:6868: result: 8192
configure:6916: checking how to convert x86_64-w64-mingw32 file names to x86_64-w64-mingw32 format
configure:6958: result: func_convert_file_msys_to_w32
configure:6965: checking how to convert x86_64-w64-mingw32 file names to toolchain format
configure:6987: result: func_convert_file_msys_to_w32
configure:6994: checking for C:/msys64/mingw64/x86_64-w64-mingw32/bin/ld.exe option to reload object files
configure:7003: result: -r
configure:7083: checking for file
configure:7104: found /usr/bin/file
configure:7116: result: file
configure:7193: checking for objdump
configure:7214: found /mingw64/bin/objdump
configure:7226: result: objdump
configure:7255: checking how to recognize dependent libraries
configure:7457: result: file_magic ^x86 archive import|^x86 DLL
configure:7548: checking for dlltool
configure:7569: found /mingw64/bin/dlltool
configure:7581: result: dlltool
configure:7611: checking how to associate runtime and link libraries
configure:7640: result: func_cygming_dll_for_implib
configure:7792: checking for archiver @FILE support
configure:7810: /mingw64/bin/gcc -c -g -O2  conftest.c >&5
configure:7810: $? = 0
configure:7814: ar cr libconftest.a @conftest.lst >&5
configure:7817: $? = 0
configure:7822: ar cr libconftest.a @conftest.lst >&5
C:\msys64\mingw64\bin\ar.exe: conftest.o: No such file or directory
configure:7825: $? = 1
configure:7838: result: @
configure:7902: checking for strip
configure:7923: found /mingw64/bin/strip
configure:7935: result: strip
configure:8013: checking for ranlib
configure:8034: found /mingw64/bin/ranlib
configure:8046: result: ranlib
configure:8148: checking command to parse /mingw64/bin/nm -B output from /mingw64/bin/gcc object
configure:8302: /mingw64/bin/gcc -c -g -O2  conftest.c >&5
configure:8305: $? = 0
configure:8309: /mingw64/bin/nm -B conftest.o \| /usr/bin/sed -n -e 's/^.*[ ]\([ABCDGIRSTW][ABCDGIRSTW]*\)[ ][ ]*\([_A-Za-z][_A-Za-z0-9]*\)\{0,1\}$/\1 \2 \2/p' | /usr/bin/sed '/ __gnu_lto/d' \> conftest.nm
configure:8312: $? = 0
configure:8378: /mingw64/bin/gcc -o conftest.exe -g -O2   conftest.c conftstm.o >&5
configure:8381: $? = 0
configure:8420: result: ok
configure:8467: checking for sysroot
configure:8499: result: no
configure:8506: checking for a working dd
configure:8551: result: /usr/bin/dd
configure:8555: checking how to truncate binary pipes
configure:8572: result: /usr/bin/dd bs=4096 count=1
configure:8912: checking for mt
configure:8948: result: no
configure:8968: checking if : is a manifest tool
configure:8975: : '-?'
configure:8984: result: no
configure:9678: checking for dlfcn.h
configure:9678: /mingw64/bin/gcc -c -g -O2  conftest.c >&5
conftest.c:57:10: fatal error: dlfcn.h: No such file or directory
   57 | #include <dlfcn.h>
      |          ^~~~~~~~~
compilation terminated.
configure:9678: $? = 1
configure: failed program was:
| /* confdefs.h */
| #define PACKAGE_NAME "libjpeg"
| #define PACKAGE_TARNAME "libjpeg"
| #define PACKAGE_VERSION "9.6.0"
| #define PACKAGE_STRING "libjpeg 9.6.0"
| #define PACKAGE_BUGREPORT ""
| #define PACKAGE_URL ""
| #define PACKAGE "libjpeg"
| #define VERSION "9.6.0"
| #define HAVE_PROTOTYPES 1
| #define HAVE_STDIO_H 1
| #define HAVE_STDLIB_H 1
| #define HAVE_STRING_H 1
| #define HAVE_INTTYPES_H 1
| #define HAVE_STDINT_H 1
| #define HAVE_STRINGS_H 1
| #define HAVE_SYS_STAT_H 1
| #define HAVE_SYS_TYPES_H 1
| #define HAVE_UNISTD_H 1
| #define STDC_HEADERS 1
| #define HAVE_STDDEF_H 1
| #define HAVE_STDLIB_H 1
| #define HAVE_LOCALE_H 1
| #define HAVE_UNSIGNED_CHAR 1
| #define HAVE_UNSIGNED_SHORT 1
| #define INLINE __inline__
| /* end confdefs.h.  */
| #include <stddef.h>
| #ifdef HAVE_STDIO_H
| # include <stdio.h>
| #endif
| #ifdef HAVE_STDLIB_H
| # include <stdlib.h>
| #endif
| #ifdef HAVE_STRING_H
| # include <string.h>
| #endif
| #ifdef HAVE_INTTYPES_H
| # include <inttypes.h>
| #endif
| #ifdef HAVE_STDINT_H
| # include <stdint.h>
| #endif
| #ifdef HAVE_STRINGS_H
| # include <strings.h>
| #endif
| #ifdef HAVE_SYS_TYPES_H
| # include <sys/types.h>
| #endif
| #ifdef HAVE_SYS_STAT_H
| # include <sys/stat.h>
| #endif
| #ifdef HAVE_UNISTD_H
| # include <unistd.h>
| #endif
| 
| #include <dlfcn.h>
configure:9678: result: no
configure:9744: checking for as
configure:9765: found /mingw64/bin/as
configure:9777: result: as
configure:9848: checking for dlltool
configure:9881: result: dlltool
configure:9952: checking for objdump
configure:9985: result: objdump
configure:10277: checking for objdir
configure:10294: result: .libs
configure:10556: checking if /mingw64/bin/gcc supports -fno-rtti -fno-exceptions
configure:10575: /mingw64/bin/gcc -c -g -O2  -fno-rtti -fno-exceptions conftest.c >&5
cc1.exe: warning: command-line option '-fno-rtti' is valid for C++/D/ObjC++ but not for C
configure:10579: $? = 0
configure:10593: result: no
configure:10951: checking for /mingw64/bin/gcc option to produce PIC
configure:10960: result: -DDLL_EXPORT -DPIC
configure:10968: checking if /mingw64/bin/gcc PIC flag -DDLL_EXPORT -DPIC works
configure:10987: /mingw64/bin/gcc -c -g -O2  -DDLL_EXPORT -DPIC -DPIC conftest.c >&5
configure:10991: $? = 0
configure:11005: result: yes
configure:11034: checking if /mingw64/bin/gcc static flag -static works
configure:11064: result: yes
configure:11079: checking if /mingw64/bin/gcc supports -c -o file.o
configure:11101: /mingw64/bin/gcc -c -g -O2  -o out/conftest2.o conftest.c >&5
configure:11105: $? = 0
configure:11128: result: yes
configure:11136: checking if /mingw64/bin/gcc supports -c -o file.o
configure:11185: result: yes
configure:11218: checking whether the /mingw64/bin/gcc linker (C:/msys64/mingw64/x86_64-w64-mingw32/bin/ld.exe) supports shared libraries
configure:12490: result: yes
configure:12527: checking whether -lc should be explicitly linked in
configure:12536: /mingw64/bin/gcc -c -g -O2  conftest.c >&5
configure:12539: $? = 0
configure:12554: /mingw64/bin/gcc -shared conftest.o  -v -o ./conftest -Wl,--enable-auto-image-base -Xlinker --out-implib -Xlinker conftest 2\>\&1 \| /usr/bin/grep  -lc  \>/dev/null 2\>\&1
configure:12557: $? = 1
configure:12572: result: yes
configure:12732: checking dynamic linker characteristics
configure:13554: result: Win32 ld.exe
configure:13676: checking how to hardcode library paths into programs
configure:13701: result: immediate
configure:14301: checking whether stripping libraries is possible
configure:14310: result: yes
configure:14352: checking if libtool supports shared libraries
configure:14354: result: yes
configure:14357: checking whether to build shared libraries
configure:14382: result: yes
configure:14385: checking whether to build static libraries
configure:14389: result: yes
configure:14511: checking libjpeg version number
configure:14521: result: 9.6.0
configure:14627: checking that generated files are newer than configure
configure:14633: result: done
configure:14664: creating ./config.status

## ---------------------- ##
## Running config.status. ##
## ---------------------- ##

This file was extended by libjpeg config.status 9.6.0, which was
generated by GNU Autoconf 2.72.  Invocation command line was

  CONFIG_FILES    = 
  CONFIG_HEADERS  = 
  CONFIG_LINKS    = 
  CONFIG_COMMANDS = 
  $ ./config.status 

on LAPTOP-FBGBRVE5

config.status:1121: creating Makefile
config.status:1121: creating libjpeg.pc
config.status:1121: creating jconfig.h
config.status:1302: jconfig.h is unchanged
config.status:1350: executing depfiles commands
config.status:1427: cd .       && sed -e '/# am--include-marker/d' Makefile         | make -f - am--depfiles
make: Nothing to be done for 'am--depfiles'.
config.status:1432: $? = 0
config.status:1350: executing libtool commands

## ---------------- ##
## Cache variables. ##
## ---------------- ##

ac_cv_build=x86_64-w64-mingw32
ac_cv_c_compiler_gnu=yes
ac_cv_c_const=yes
ac_cv_env_CC_set=set
ac_cv_env_CC_value=/mingw64/bin/gcc
ac_cv_env_CFLAGS_set=
ac_cv_env_CFLAGS_value=
ac_cv_env_CPPFLAGS_set=
ac_cv_env_CPPFLAGS_value=
ac_cv_env_CPP_set=
ac_cv_env_CPP_value=
ac_cv_env_LDFLAGS_set=
ac_cv_env_LDFLAGS_value=
ac_cv_env_LIBS_set=
ac_cv_env_LIBS_value=
ac_cv_env_LT_SYS_LIBRARY_PATH_set=
ac_cv_env_LT_SYS_LIBRARY_PATH_value=
ac_cv_env_build_alias_set=
ac_cv_env_build_alias_value=
ac_cv_env_host_alias_set=
ac_cv_env_host_alias_value=
ac_cv_env_target_alias_set=
ac_cv_env_target_alias_value=
ac_cv_exeext=.exe
ac_cv_header_dlfcn_h=no
ac_cv_header_inttypes_h=yes
ac_cv_header_locale_h=yes
ac_cv_header_stddef_h=yes
ac_cv_header_stdint_h=yes
ac_cv_header_stdio_h=yes
ac_cv_header_stdlib_h=yes
ac_cv_header_string_h=yes
ac_cv_header_strings_h=yes
ac_cv_header_sys_stat_h=yes
ac_cv_header_sys_types_h=yes
ac_cv_header_unistd_h=yes
ac_cv_host=x86_64-w64-mingw32
ac_cv_objext=o
ac_cv_path_EGREP='/usr/bin/grep -E'
ac_cv_path_EGREP_TRADITIONAL='/usr/bin/grep -E'
ac_cv_path_FGREP='/usr/bin/grep -F'
ac_cv_path_GREP=/usr/bin/grep
ac_cv_path_SED=/usr/bin/sed
ac_cv_path_install='/usr/bin/install -c'
ac_cv_path_lt_DD=/usr/bin/dd
ac_cv_path_mkdir=/usr/bin/mkdir
ac_cv_prog_AWK=gawk
ac_cv_prog_CPP='/mingw64/bin/gcc -E'
ac_cv_prog_ac_ct_AR=ar
ac_cv_prog_ac_ct_AS=as
ac_cv_prog_ac_ct_CC=/mingw64/bin/gcc
ac_cv_prog_ac_ct_DLLTOOL=dlltool
ac_cv_prog_ac_ct_FILECMD=file
ac_cv_prog_ac_ct_OBJDUMP=objdump
ac_cv_prog_ac_ct_RANLIB=ranlib
ac_cv_prog_ac_ct_STRIP=strip
ac_cv_prog_cc_c11=
ac_cv_prog_cc_g=yes
ac_cv_prog_cc_stdc=
ac_cv_prog_make_make_set=yes
ac_cv_target=x86_64-w64-mingw32
am_cv_CC_dependencies_compiler_type=gcc3
am_cv_ar_interface=ar
am_cv_make_support_nested_variables=yes
am_cv_prog_cc_c_o=yes
ijg_cv_have_prototypes=yes
ijg_cv_inline=__inline__
lt_cv_ar_at_file=@
lt_cv_archive_cmds_need_lc=yes
lt_cv_deplibs_check_method='file_magic ^x86 archive import|^x86 DLL'
lt_cv_file_magic_cmd=func_win32_libid
lt_cv_file_magic_test_file=
lt_cv_ld_reload_flag=-r
lt_cv_nm_interface='BSD nm'
lt_cv_objdir=.libs
lt_cv_path_LD=C:/msys64/mingw64/x86_64-w64-mingw32/bin/ld.exe
lt_cv_path_NM='/mingw64/bin/nm -B'
lt_cv_path_mainfest_tool=no
lt_cv_prog_compiler_c_o=yes
lt_cv_prog_compiler_pic='-DDLL_EXPORT -DPIC'
lt_cv_prog_compiler_pic_works=yes
lt_cv_prog_compiler_rtti_exceptions=no
lt_cv_prog_compiler_static_works=yes
lt_cv_prog_gnu_ld=yes
lt_cv_sharedlib_from_linklib_cmd=func_cygming_dll_for_implib
lt_cv_sys_global_symbol_pipe='/usr/bin/sed -n -e '\''s/^.*[	 ]\([ABCDGIRSTW][ABCDGIRSTW]*\)[	 ][	 ]*\([_A-Za-z][_A-Za-z0-9]*\)\{0,1\}$/\1 \2 \2/p'\'' | /usr/bin/sed '\''/ __gnu_lto/d'\'''
lt_cv_sys_global_symbol_to_c_name_address='/usr/bin/sed -n -e '\''s/^: \(.*\) .*$/  {"\1", (void *) 0},/p'\'' -e '\''s/^[ABCDGIRSTW][ABCDGIRSTW]* .* \(.*\)$/  {"\1", (void *) \&\1},/p'\'''
lt_cv_sys_global_symbol_to_c_name_address_lib_prefix='/usr/bin/sed -n -e '\''s/^: \(.*\) .*$/  {"\1", (void *) 0},/p'\'' -e '\''s/^[ABCDGIRSTW][ABCDGIRSTW]* .* \(lib.*\)$/  {"\1", (void *) \&\1},/p'\'' -e '\''s/^[ABCDGIRSTW][ABCDGIRSTW]* .* \(.*\)$/  {"lib\1", (void *) \&\1},/p'\'''
lt_cv_sys_global_symbol_to_cdecl='/usr/bin/sed -n -e '\''s/^T .* \(.*\)$/extern int \1();/p'\'' -e '\''s/^[ABCDGIRSTW][ABCDGIRSTW]* .* \(.*\)$/extern char \1;/p'\'''
lt_cv_sys_global_symbol_to_import=
lt_cv_sys_max_cmd_len=8192
lt_cv_to_host_file_cmd=func_convert_file_msys_to_w32
lt_cv_to_tool_file_cmd=func_convert_file_msys_to_w32
lt_cv_truncate_bin='/usr/bin/dd bs=4096 count=1'

## ----------------- ##
## Output variables. ##
## ----------------- ##

ACLOCAL='${SHELL} '\''/c/Users/Sandhra George/avalanche/jpegsr9f/jpeg-9f/missing'\'' aclocal-1.16'
AMDEPBACKSLASH='\'
AMDEP_FALSE='#'
AMDEP_TRUE=''
AMTAR='$${TAR-tar}'
AM_BACKSLASH='\'
AM_DEFAULT_V='$(AM_DEFAULT_VERBOSITY)'
AM_DEFAULT_VERBOSITY='0'
AM_V='$(V)'
AR='ar'
AS='as'
AUTOCONF='${SHELL} '\''/c/Users/Sandhra George/avalanche/jpegsr9f/jpeg-9f/missing'\'' autoconf'
AUTOHEADER='echo autoheader ignored'
AUTOMAKE='${SHELL} '\''/c/Users/Sandhra George/avalanche/jpegsr9f/jpeg-9f/missing'\'' automake-1.16'
AWK='gawk'
CC='/mingw64/bin/gcc'
CCDEPMODE='depmode=gcc3'
CFLAGS='-g -O2'
CPP='/mingw64/bin/gcc -E'
CPPFLAGS=''
CSCOPE='cscope'
CTAGS='ctags'
CYGPATH_W='cygpath -w'
DEFS='-DHAVE_CONFIG_H'
DEPDIR='.deps'
DLLTOOL='dlltool'
DSYMUTIL=''
DUMPBIN=''
ECHO_C=''
ECHO_N='-n'
ECHO_T=''
EGREP='/usr/bin/grep -E'
ETAGS='etags'
EXEEXT='.exe'
FGREP='/usr/bin/grep -F'
FILECMD='file'
GREP='/usr/bin/grep'
HAVE_LD_VERSION_SCRIPT_FALSE='#'
HAVE_LD_VERSION_SCRIPT_TRUE=''
INSTALL_DATA='${INSTALL} -m 644'
INSTALL_PROGRAM='${INSTALL}'
INSTALL_SCRIPT='${INSTALL}'
INSTALL_STRIP_PROGRAM='$(install_sh) -c -s'
JPEG_LIB_VERSION='15:0:6'
JPEG_LIB_VERSION_MAJOR='9'
JPEG_LIB_VERSION_MINOR='6'
LD='C:/msys64/mingw64/x86_64-w64-mingw32/bin/ld.exe'
LDFLAGS=''
LIBOBJS=''
LIBS=''
LIBTOOL='$(SHELL) $(top_builddir)/libtool'
LIPO=''
LN_S='cp -pR'
LTLIBOBJS=''
LT_SYS_LIBRARY_PATH=''
MAINT='#'
MAINTAINER_MODE_FALSE=''
MAINTAINER_MODE_TRUE='#'
MAKEINFO='${SHELL} '\''/c/Users/Sandhra George/avalanche/jpegsr9f/jpeg-9f/missing'\'' makeinfo'
MANIFEST_TOOL=':'
MEMORYMGR='jmemnobs'
MKDIR_P='/usr/bin/mkdir -p'
NM='/mingw64/bin/nm -B'
NMEDIT=''
OBJDUMP='objdump'
OBJEXT='o'
OTOOL64=''
OTOOL=''
PACKAGE='libjpeg'
PACKAGE_BUGREPORT=''
PACKAGE_NAME='libjpeg'
PACKAGE_STRING='libjpeg 9.6.0'
PACKAGE_TARNAME='libjpeg'
PACKAGE_URL=''
PACKAGE_VERSION='9.6.0'
PATH_SEPARATOR=':'
RANLIB='ranlib'
SED='/usr/bin/sed'
SET_MAKE=''
SHELL='/bin/sh'
STRIP='strip'
VERSION='9.6.0'
ac_ct_AR='ar'
ac_ct_CC='/mingw64/bin/gcc'
ac_ct_DUMPBIN=''
am__EXEEXT_FALSE='#'
am__EXEEXT_TRUE=''
am__fastdepCC_FALSE='#'
am__fastdepCC_TRUE=''
am__include='include'
am__isrc=''
am__leading_dot='.'
am__nodep='_no'
am__quote=''
am__tar='$${TAR-tar} chof - "$$tardir"'
am__untar='$${TAR-tar} xf -'
bindir='${exec_prefix}/bin'
build='x86_64-w64-mingw32'
build_alias='x86_64-w64-mingw32'
build_cpu='x86_64'
build_os='mingw32'
build_vendor='w64'
datadir='${datarootdir}'
datarootdir='${prefix}/share'
docdir='${datarootdir}/doc/${PACKAGE_TARNAME}'
dvidir='${docdir}'
exec_prefix='${prefix}'
host='x86_64-w64-mingw32'
host_alias=''
host_cpu='x86_64'
host_os='mingw32'
host_vendor='w64'
htmldir='${docdir}'
includedir='${prefix}/include'
infodir='${datarootdir}/info'
install_sh='${SHELL} '\''/c/Users/Sandhra George/avalanche/jpegsr9f/jpeg-9f/install-sh'\'''
libdir='${exec_prefix}/lib'
libexecdir='${exec_prefix}/libexec'
localedir='${datarootdir}/locale'
localstatedir='${prefix}/var'
mandir='${datarootdir}/man'
mkdir_p='$(MKDIR_P)'
oldincludedir='/usr/include'
pdfdir='${docdir}'
prefix='/c/Users/Sandhra/.local'
program_transform_name='s,x,x,'
psdir='${docdir}'
runstatedir='${localstatedir}/run'
sbindir='${exec_prefix}/sbin'
sharedstatedir='${prefix}/com'
sysconfdir='${prefix}/etc'
target='x86_64-w64-mingw32'
target_alias=''
target_cpu='x86_64'
target_os='mingw32'
target_vendor='w64'

## ----------- ##
## confdefs.h. ##
## ----------- ##

/* confdefs.h */
#define PACKAGE_NAME "libjpeg"
#define PACKAGE_TARNAME "libjpeg"
#define PACKAGE_VERSION "9.6.0"
#define PACKAGE_STRING "libjpeg 9.6.0"
#define PACKAGE_BUGREPORT ""
#define PACKAGE_URL ""
#define PACKAGE "libjpeg"
#define VERSION "9.6.0"
#define HAVE_PROTOTYPES 1
#define HAVE_STDIO_H 1
#define HAVE_STDLIB_H 1
#define HAVE_STRING_H 1
#define HAVE_INTTYPES_H 1
#define HAVE_STDINT_H 1
#define HAVE_STRINGS_H 1
#define HAVE_SYS_STAT_H 1
#define HAVE_SYS_TYPES_H 1
#define HAVE_UNISTD_H 1
#define STDC_HEADERS 1
#define HAVE_STDDEF_H 1
#define HAVE_STDLIB_H 1
#define HAVE_LOCALE_H 1
#define HAVE_UNSIGNED_CHAR 1
#define HAVE_UNSIGNED_SHORT 1
#define INLINE __inline__
#define LT_OBJDIR ".libs/"

configure: exit 0
